Initialized native services in: /home/lancelot/.gradle/native
Initialized jansi services in: /home/lancelot/.gradle/native
Received JVM installation metadata from '/home/lancelot/software/jdk-8u191-linux-x64/jdk1.8.0_191': {JAVA_HOME=/home/lancelot/software/jdk-8u191-linux-x64/jdk1.8.0_191/jre, JAVA_VERSION=1.8.0_191, JAVA_VENDOR=Oracle Corporation, RUNTIME_NAME=Java(TM) SE Runtime Environment, RUNTIME_VERSION=1.8.0_191-b12, VM_NAME=Java HotSpot(TM) 64-Bit Server VM, VM_VERSION=25.191-b12, VM_VENDOR=Oracle Corporation, OS_ARCH=amd64}
Starting process 'command '/usr/lib/jvm/java-11-openjdk-amd64/bin/java''. Working directory: /home/lancelot/.gradle/.tmp/tmp-jvm7583556647380516171probe Command: /usr/lib/jvm/java-11-openjdk-amd64/bin/java -Xmx32m -Xms32m -cp . JavaProbe
Successfully started process 'command '/usr/lib/jvm/java-11-openjdk-amd64/bin/java''
Received JVM installation metadata from '/usr/lib/jvm/java-11-openjdk-amd64': {JAVA_HOME=/usr/lib/jvm/java-11-openjdk-amd64, JAVA_VERSION=11.0.30, JAVA_VENDOR=Ubuntu, RUNTIME_NAME=OpenJDK Runtime Environment, RUNTIME_VERSION=11.0.30+7-post-Ubuntu-1ubuntu125.10, VM_NAME=OpenJDK 64-Bit Server VM, VM_VERSION=11.0.30+7-post-Ubuntu-1ubuntu125.10, VM_VENDOR=Ubuntu, OS_ARCH=amd64}
Found daemon DaemonInfo{pid=115600, address=[2c5092a2-3e21-4169-8156-d38e1f472922 port:43353, addresses:[/127.0.0.1]], state=Idle, lastBusy=1771131034423, context=DefaultDaemonContext[uid=af27db23-38fb-454a-b710-897e669dcb26,javaHome=/home/lancelot/software/jdk-8u191-linux-x64/jdk1.8.0_191,daemonRegistryDir=/home/lancelot/.gradle/daemon,pid=115600,idleTimeout=10800000,priority=NORMAL,applyInstrumentationAgent=true,daemonOpts=-Xmx2048m,-Dfile.encoding=UTF-8,-Duser.country=CN,-Duser.language=zh,-Duser.variant]} however its context does not match the desired criteria.
Java home is different.
Wanted: DefaultDaemonContext[uid=null,javaHome=/usr/lib/jvm/java-11-openjdk-amd64,daemonRegistryDir=/home/lancelot/.gradle/daemon,pid=176833,idleTimeout=null,priority=NORMAL,applyInstrumentationAgent=true,daemonOpts=--add-opens=java.base/java.util=ALL-UNNAMED,--add-opens=java.base/java.lang=ALL-UNNAMED,--add-opens=java.base/java.lang.invoke=ALL-UNNAMED,--add-opens=java.prefs/java.util.prefs=ALL-UNNAMED,--add-opens=java.base/java.nio.charset=ALL-UNNAMED,--add-opens=java.base/java.net=ALL-UNNAMED,--add-opens=java.base/java.util.concurrent.atomic=ALL-UNNAMED,-Xmx2048m,-Dfile.encoding=UTF-8,-Duser.country=CN,-Duser.language=zh,-Duser.variant]
Actual: DefaultDaemonContext[uid=af27db23-38fb-454a-b710-897e669dcb26,javaHome=/home/lancelot/software/jdk-8u191-linux-x64/jdk1.8.0_191,daemonRegistryDir=/home/lancelot/.gradle/daemon,pid=115600,idleTimeout=10800000,priority=NORMAL,applyInstrumentationAgent=true,daemonOpts=-Xmx2048m,-Dfile.encoding=UTF-8,-Duser.country=CN,-Duser.language=zh,-Duser.variant]

  Looking for a different daemon...
Found daemon DaemonInfo{pid=119574, address=[86a33196-47e9-4be5-bf94-2b69a89736ab port:46039, addresses:[/127.0.0.1]], state=Idle, lastBusy=1771131269041, context=DefaultDaemonContext[uid=71456f4d-3f15-4014-b246-a9eafb81277c,javaHome=/home/lancelot/software/jdk-8u191-linux-x64/jdk1.8.0_191,daemonRegistryDir=/home/lancelot/.gradle/daemon,pid=119574,idleTimeout=10800000,priority=NORMAL,applyInstrumentationAgent=true,daemonOpts=-Xmx2048m,-Dfile.encoding=utf8,-Duser.country=CN,-Duser.language=zh,-Duser.variant]} however its context does not match the desired criteria.
Java home is different.
Wanted: DefaultDaemonContext[uid=null,javaHome=/usr/lib/jvm/java-11-openjdk-amd64,daemonRegistryDir=/home/lancelot/.gradle/daemon,pid=176833,idleTimeout=null,priority=NORMAL,applyInstrumentationAgent=true,daemonOpts=--add-opens=java.base/java.util=ALL-UNNAMED,--add-opens=java.base/java.lang=ALL-UNNAMED,--add-opens=java.base/java.lang.invoke=ALL-UNNAMED,--add-opens=java.prefs/java.util.prefs=ALL-UNNAMED,--add-opens=java.base/java.nio.charset=ALL-UNNAMED,--add-opens=java.base/java.net=ALL-UNNAMED,--add-opens=java.base/java.util.concurrent.atomic=ALL-UNNAMED,-Xmx2048m,-Dfile.encoding=UTF-8,-Duser.country=CN,-Duser.language=zh,-Duser.variant]
Actual: DefaultDaemonContext[uid=71456f4d-3f15-4014-b246-a9eafb81277c,javaHome=/home/lancelot/software/jdk-8u191-linux-x64/jdk1.8.0_191,daemonRegistryDir=/home/lancelot/.gradle/daemon,pid=119574,idleTimeout=10800000,priority=NORMAL,applyInstrumentationAgent=true,daemonOpts=-Xmx2048m,-Dfile.encoding=utf8,-Duser.country=CN,-Duser.language=zh,-Duser.variant]

  Looking for a different daemon...
Found daemon DaemonInfo{pid=167031, address=[5349cc20-4092-4e77-a1b8-71d575da0eb4 port:44027, addresses:[/127.0.0.1]], state=Idle, lastBusy=1771131664730, context=DefaultDaemonContext[uid=ca73b09e-f1c4-459d-b184-559b7ff04534,javaHome=/home/lancelot/.jdks/corretto-1.8.0_472,daemonRegistryDir=/home/lancelot/.gradle/daemon,pid=167031,idleTimeout=10800000,priority=NORMAL,applyInstrumentationAgent=true,daemonOpts=-Xmx2048m,-Dfile.encoding=UTF-8,-Duser.country,-Duser.language=en,-Duser.variant]} however its context does not match the desired criteria.
Java home is different.
Wanted: DefaultDaemonContext[uid=null,javaHome=/usr/lib/jvm/java-11-openjdk-amd64,daemonRegistryDir=/home/lancelot/.gradle/daemon,pid=176833,idleTimeout=null,priority=NORMAL,applyInstrumentationAgent=true,daemonOpts=--add-opens=java.base/java.util=ALL-UNNAMED,--add-opens=java.base/java.lang=ALL-UNNAMED,--add-opens=java.base/java.lang.invoke=ALL-UNNAMED,--add-opens=java.prefs/java.util.prefs=ALL-UNNAMED,--add-opens=java.base/java.nio.charset=ALL-UNNAMED,--add-opens=java.base/java.net=ALL-UNNAMED,--add-opens=java.base/java.util.concurrent.atomic=ALL-UNNAMED,-Xmx2048m,-Dfile.encoding=UTF-8,-Duser.country=CN,-Duser.language=zh,-Duser.variant]
Actual: DefaultDaemonContext[uid=ca73b09e-f1c4-459d-b184-559b7ff04534,javaHome=/home/lancelot/.jdks/corretto-1.8.0_472,daemonRegistryDir=/home/lancelot/.gradle/daemon,pid=167031,idleTimeout=10800000,priority=NORMAL,applyInstrumentationAgent=true,daemonOpts=-Xmx2048m,-Dfile.encoding=UTF-8,-Duser.country,-Duser.language=en,-Duser.variant]

  Looking for a different daemon...
The client will now receive all logging from the daemon (pid: 174545). The daemon log file: /home/lancelot/.gradle/daemon/8.5/daemon-174545.out.log
Starting 2nd build in daemon [uptime: 50.519 secs, performance: 100%, GC rate: 0.00/s, heap usage: 0% of 2 GiB]
Using 16 worker leases.
Now considering [/home/lancelot/untitled] as hierarchies to watch
Watching the file system is configured to be enabled if available
File system watching is active
Starting Build
Settings evaluated using settings file '/home/lancelot/untitled/settings.gradle.kts'.
Projects loaded. Root project using build file '/home/lancelot/untitled/build.gradle.kts'.
Included projects: [root project 'my-idea-plugin']

> Configure project :
Evaluating root project 'my-idea-plugin' using build file '/home/lancelot/untitled/build.gradle.kts'.
Caching disabled for Kotlin DSL plugin specs accessors for classpath '88f21b562c7d422f7231428dbdb6eb94' because:
  Build cache is disabled
Skipping Kotlin DSL plugin specs accessors for classpath '88f21b562c7d422f7231428dbdb6eb94' as it is up-to-date.
Caching disabled for Kotlin DSL script compilation (Project/TopLevel/stage1) because:
  Build cache is disabled
Kotlin DSL script compilation (Project/TopLevel/stage1) is not up-to-date because:
  No history is available.
Downloading https://plugins.gradle.org/m2/org/jetbrains/intellij/org.jetbrains.intellij.gradle.plugin/1.17.4/org.jetbrains.intellij.gradle.plugin-1.17.4.pom to /home/lancelot/.gradle/.tmp/gradle_download12131455876001139109bin
Resource missing. [HTTP HEAD: https://plugins.gradle.org/m2/org/jetbrains/intellij/org.jetbrains.intellij.gradle.plugin/1.17.4/org.jetbrains.intellij.gradle.plugin-1.17.4.jar]
Downloading https://plugins.gradle.org/m2/org/jetbrains/intellij/plugins/gradle-intellij-plugin/1.17.4/gradle-intellij-plugin-1.17.4.pom to /home/lancelot/.gradle/.tmp/gradle_download2937472013760514579bin
Downloading https://plugins.gradle.org/m2/org/jetbrains/intellij/plugins/gradle-intellij-plugin/1.17.4/gradle-intellij-plugin-1.17.4.module to /home/lancelot/.gradle/.tmp/gradle_download13172167655323916544bin
Downloading https://plugins.gradle.org/m2/org/jetbrains/intellij/plugin-repository-rest-client/2.0.39/plugin-repository-rest-client-2.0.39.pom to /home/lancelot/.gradle/.tmp/gradle_download9102222998175020580bin
Downloading https://plugins.gradle.org/m2/com/googlecode/plist/dd-plist/1.28/dd-plist-1.28.pom to /home/lancelot/.gradle/.tmp/gradle_download6977284944088937325bin
Downloading https://plugins.gradle.org/m2/org/jetbrains/intellij/plugin-repository-rest-client/2.0.39/plugin-repository-rest-client-2.0.39.module to /home/lancelot/.gradle/.tmp/gradle_download14749623580619993390bin
Downloading https://plugins.gradle.org/m2/org/jetbrains/kotlinx/kotlinx-serialization-json/1.6.3/kotlinx-serialization-json-1.6.3.pom to /home/lancelot/.gradle/.tmp/gradle_download4447497778916685338bin
Downloading https://plugins.gradle.org/m2/org/jetbrains/intellij/plugins/structure-intellij/3.269/structure-intellij-3.269.pom to /home/lancelot/.gradle/.tmp/gradle_download4183252419478776627bin
Downloading https://plugins.gradle.org/m2/com/squareup/retrofit2/retrofit/2.10.0/retrofit-2.10.0.pom to /home/lancelot/.gradle/.tmp/gradle_download4174244175821292070bin
Downloading https://plugins.gradle.org/m2/org/jetbrains/intellij/plugins/structure-base/3.269/structure-base-3.269.pom to /home/lancelot/.gradle/.tmp/gradle_download3220630494705771063bin
Downloading https://plugins.gradle.org/m2/com/fasterxml/jackson/core/jackson-databind/2.16.0/jackson-databind-2.16.0.pom to /home/lancelot/.gradle/.tmp/gradle_download2476392789153556904bin
Downloading https://plugins.gradle.org/m2/org/jetbrains/intellij/plugins/structure-intellij/3.269/structure-intellij-3.269.module to /home/lancelot/.gradle/.tmp/gradle_download836279212452583028bin
Downloading https://plugins.gradle.org/m2/com/squareup/retrofit2/retrofit/2.10.0/retrofit-2.10.0.module to /home/lancelot/.gradle/.tmp/gradle_download13816090239218256497bin
Found locally available resource with matching checksum: [https://plugins.gradle.org/m2/org/jetbrains/kotlinx/kotlinx-serialization-bom/1.6.3/kotlinx-serialization-bom-1.6.3.pom, /home/lancelot/.m2/repository/org/jetbrains/kotlinx/kotlinx-serialization-bom/1.6.3/kotlinx-serialization-bom-1.6.3.pom]
Downloading https://plugins.gradle.org/m2/com/fasterxml/jackson/jackson-base/2.16.0/jackson-base-2.16.0.pom to /home/lancelot/.gradle/.tmp/gradle_download12519122359202151172bin
Downloading https://plugins.gradle.org/m2/gradle/plugin/org/jetbrains/gradle/plugin/idea-ext/gradle-idea-ext/1.1.8/gradle-idea-ext-1.1.8.pom to /home/lancelot/.gradle/.tmp/gradle_download17140417014242819184bin
Downloading https://plugins.gradle.org/m2/org/jetbrains/kotlinx/kotlinx-serialization-json/1.6.3/kotlinx-serialization-json-1.6.3.module to /home/lancelot/.gradle/.tmp/gradle_download7809746503956538527bin
Downloading https://plugins.gradle.org/m2/org/jetbrains/intellij/plugins/structure-base/3.269/structure-base-3.269.module to /home/lancelot/.gradle/.tmp/gradle_download1948262696625056760bin
Downloading https://plugins.gradle.org/m2/com/fasterxml/jackson/jackson-bom/2.16.0/jackson-bom-2.16.0.pom to /home/lancelot/.gradle/.tmp/gradle_download8948103218512154713bin
Found locally available resource with matching checksum: [https://plugins.gradle.org/m2/com/fasterxml/jackson/jackson-parent/2.16/jackson-parent-2.16.pom, /home/lancelot/.m2/repository/com/fasterxml/jackson/jackson-parent/2.16/jackson-parent-2.16.pom]
Found locally available resource with matching checksum: [https://plugins.gradle.org/m2/com/fasterxml/oss-parent/56/oss-parent-56.pom, /home/lancelot/.m2/repository/com/fasterxml/oss-parent/56/oss-parent-56.pom]
Downloading https://plugins.gradle.org/m2/org/junit/junit-bom/5.9.2/junit-bom-5.9.2.pom to /home/lancelot/.gradle/.tmp/gradle_download9513805776857556535bin
Downloading https://plugins.gradle.org/m2/org/junit/junit-bom/5.9.2/junit-bom-5.9.2.module to /home/lancelot/.gradle/.tmp/gradle_download6693117152971154178bin
Downloading https://plugins.gradle.org/m2/com/fasterxml/jackson/core/jackson-databind/2.16.0/jackson-databind-2.16.0.module to /home/lancelot/.gradle/.tmp/gradle_download7084818834556214986bin
Downloading https://plugins.gradle.org/m2/org/slf4j/slf4j-api/2.0.7/slf4j-api-2.0.7.pom to /home/lancelot/.gradle/.tmp/gradle_download12494195820681037698bin
Downloading https://plugins.gradle.org/m2/commons-io/commons-io/2.12.0/commons-io-2.12.0.pom to /home/lancelot/.gradle/.tmp/gradle_download1533819207322556458bin
Downloading https://plugins.gradle.org/m2/org/apache/commons/commons-compress/1.26.0/commons-compress-1.26.0.pom to /home/lancelot/.gradle/.tmp/gradle_download2363132262935918816bin
Downloading https://plugins.gradle.org/m2/com/fasterxml/jackson/module/jackson-module-kotlin/2.14.2/jackson-module-kotlin-2.14.2.pom to /home/lancelot/.gradle/.tmp/gradle_download17982410792067241957bin
Downloading https://plugins.gradle.org/m2/org/slf4j/slf4j-parent/2.0.7/slf4j-parent-2.0.7.pom to /home/lancelot/.gradle/.tmp/gradle_download6632494407639633030bin
Downloading https://plugins.gradle.org/m2/org/apache/commons/commons-parent/57/commons-parent-57.pom to /home/lancelot/.gradle/.tmp/gradle_download84274938572088845bin
Downloading https://plugins.gradle.org/m2/com/fasterxml/jackson/jackson-base/2.14.2/jackson-base-2.14.2.pom to /home/lancelot/.gradle/.tmp/gradle_download12967566816352055547bin
Found locally available resource with matching checksum: [https://plugins.gradle.org/m2/org/apache/commons/commons-parent/66/commons-parent-66.pom, /home/lancelot/.m2/repository/org/apache/commons/commons-parent/66/commons-parent-66.pom]
Found locally available resource with matching checksum: [https://plugins.gradle.org/m2/org/apache/apache/29/apache-29.pom, /home/lancelot/.m2/repository/org/apache/apache/29/apache-29.pom]
Downloading https://plugins.gradle.org/m2/com/fasterxml/jackson/jackson-bom/2.14.2/jackson-bom-2.14.2.pom to /home/lancelot/.gradle/.tmp/gradle_download1951836999159212578bin
Found locally available resource with matching checksum: [https://plugins.gradle.org/m2/org/apache/apache/31/apache-31.pom, /home/lancelot/.m2/repository/org/apache/apache/31/apache-31.pom]
Downloading https://plugins.gradle.org/m2/com/fasterxml/jackson/module/jackson-module-kotlin/2.14.2/jackson-module-kotlin-2.14.2.module to /home/lancelot/.gradle/.tmp/gradle_download14483822895160501969bin
Found locally available resource with matching checksum: [https://plugins.gradle.org/m2/org/junit/junit-bom/5.10.1/junit-bom-5.10.1.pom, /home/lancelot/.m2/repository/org/junit/junit-bom/5.10.1/junit-bom-5.10.1.pom]
Downloading https://plugins.gradle.org/m2/org/junit/junit-bom/5.10.1/junit-bom-5.10.1.module to /home/lancelot/.gradle/.tmp/gradle_download17040042614313140051bin
Downloading https://plugins.gradle.org/m2/org/jsoup/jsoup/1.16.1/jsoup-1.16.1.pom to /home/lancelot/.gradle/.tmp/gradle_download7619027617552743774bin
Downloading https://plugins.gradle.org/m2/com/fasterxml/jackson/core/jackson-core/2.16.0/jackson-core-2.16.0.pom to /home/lancelot/.gradle/.tmp/gradle_download14076858722927113515bin
Found locally available resource with matching checksum: [https://plugins.gradle.org/m2/com/fasterxml/jackson/core/jackson-annotations/2.16.0/jackson-annotations-2.16.0.pom, /home/lancelot/.m2/repository/com/fasterxml/jackson/core/jackson-annotations/2.16.0/jackson-annotations-2.16.0.pom]
Downloading https://plugins.gradle.org/m2/com/fasterxml/jackson/core/jackson-annotations/2.16.0/jackson-annotations-2.16.0.module to /home/lancelot/.gradle/.tmp/gradle_download13825943413634830922bin
Found locally available resource with matching checksum: [https://plugins.gradle.org/m2/org/junit/junit-bom/5.9.3/junit-bom-5.9.3.pom, /home/lancelot/.m2/repository/org/junit/junit-bom/5.9.3/junit-bom-5.9.3.pom]
Downloading https://plugins.gradle.org/m2/org/junit/junit-bom/5.9.3/junit-bom-5.9.3.module to /home/lancelot/.gradle/.tmp/gradle_download11376884161447962056bin
Downloading https://plugins.gradle.org/m2/com/fasterxml/jackson/core/jackson-core/2.16.0/jackson-core-2.16.0.module to /home/lancelot/.gradle/.tmp/gradle_download13411990218596238650bin
Downloading https://plugins.gradle.org/m2/org/jetbrains/kotlinx/kotlinx-serialization-json-jvm/1.6.3/kotlinx-serialization-json-jvm-1.6.3.pom to /home/lancelot/.gradle/.tmp/gradle_download1926996651687499050bin
Downloading https://plugins.gradle.org/m2/org/jetbrains/kotlinx/kotlinx-serialization-json-jvm/1.6.3/kotlinx-serialization-json-jvm-1.6.3.module to /home/lancelot/.gradle/.tmp/gradle_download14750083623394536815bin
Downloading https://plugins.gradle.org/m2/com/google/code/gson/gson/2.10.1/gson-2.10.1.pom to /home/lancelot/.gradle/.tmp/gradle_download11684036497063829575bin
Downloading https://plugins.gradle.org/m2/com/google/code/gson/gson-parent/2.10.1/gson-parent-2.10.1.pom to /home/lancelot/.gradle/.tmp/gradle_download10487700399397879054bin
Found locally available resource with matching checksum: [https://plugins.gradle.org/m2/commons-io/commons-io/2.15.1/commons-io-2.15.1.pom, /home/lancelot/.m2/repository/commons-io/commons-io/2.15.1/commons-io-2.15.1.pom]
Found locally available resource with matching checksum: [https://plugins.gradle.org/m2/org/apache/commons/commons-parent/65/commons-parent-65.pom, /home/lancelot/.m2/repository/org/apache/commons/commons-parent/65/commons-parent-65.pom]
Found locally available resource with matching checksum: [https://plugins.gradle.org/m2/org/apache/commons/commons-lang3/3.14.0/commons-lang3-3.14.0.pom, /home/lancelot/.m2/repository/org/apache/commons/commons-lang3/3.14.0/commons-lang3-3.14.0.pom]
Found locally available resource with matching checksum: [https://plugins.gradle.org/m2/org/apache/commons/commons-parent/64/commons-parent-64.pom, /home/lancelot/.m2/repository/org/apache/commons/commons-parent/64/commons-parent-64.pom]
Found locally available resource with matching checksum: [https://plugins.gradle.org/m2/org/apache/apache/30/apache-30.pom, /home/lancelot/.m2/repository/org/apache/apache/30/apache-30.pom]
Found locally available resource with matching checksum: [https://plugins.gradle.org/m2/org/junit/junit-bom/5.10.0/junit-bom-5.10.0.pom, /home/lancelot/.m2/repository/org/junit/junit-bom/5.10.0/junit-bom-5.10.0.pom]
Downloading https://plugins.gradle.org/m2/org/junit/junit-bom/5.10.0/junit-bom-5.10.0.module to /home/lancelot/.gradle/.tmp/gradle_download10519220650702725843bin
Downloading https://plugins.gradle.org/m2/com/fasterxml/jackson/module/jackson-module-kotlin/2.16.0/jackson-module-kotlin-2.16.0.pom to /home/lancelot/.gradle/.tmp/gradle_download11758750374238253851bin
Downloading https://plugins.gradle.org/m2/com/fasterxml/jackson/module/jackson-module-kotlin/2.16.0/jackson-module-kotlin-2.16.0.module to /home/lancelot/.gradle/.tmp/gradle_download11324053203209684901bin
Downloading https://plugins.gradle.org/m2/org/jetbrains/kotlin/kotlin-stdlib-common/1.9.22/kotlin-stdlib-common-1.9.22.pom to /home/lancelot/.gradle/.tmp/gradle_download345250023127685657bin
Downloading https://plugins.gradle.org/m2/org/jetbrains/kotlinx/kotlinx-serialization-core/1.6.3/kotlinx-serialization-core-1.6.3.pom to /home/lancelot/.gradle/.tmp/gradle_download3409625000737231040bin
Downloading https://plugins.gradle.org/m2/org/jetbrains/kotlin/kotlin-stdlib-common/1.9.22/kotlin-stdlib-common-1.9.22.module to /home/lancelot/.gradle/.tmp/gradle_download13649350441086069684bin
Downloading https://plugins.gradle.org/m2/org/jetbrains/kotlinx/kotlinx-serialization-core/1.6.3/kotlinx-serialization-core-1.6.3.module to /home/lancelot/.gradle/.tmp/gradle_download11048305437186231102bin
Downloading https://plugins.gradle.org/m2/org/jetbrains/kotlinx/kotlinx-serialization-core-jvm/1.6.3/kotlinx-serialization-core-jvm-1.6.3.pom to /home/lancelot/.gradle/.tmp/gradle_download5983031867802876176bin
Downloading https://plugins.gradle.org/m2/org/jetbrains/kotlinx/kotlinx-serialization-core-jvm/1.6.3/kotlinx-serialization-core-jvm-1.6.3.module to /home/lancelot/.gradle/.tmp/gradle_download12206709430731997917bin
Downloading https://plugins.gradle.org/m2/org/jetbrains/kotlinx/kotlinx-serialization-core-jvm/1.6.3/kotlinx-serialization-core-jvm-1.6.3.jar to /home/lancelot/.gradle/.tmp/gradle_download10084662772289282956bin
Downloading https://plugins.gradle.org/m2/org/jetbrains/intellij/plugin-repository-rest-client/2.0.39/plugin-repository-rest-client-2.0.39.jar to /home/lancelot/.gradle/.tmp/gradle_download14058680436707771470bin
Downloading https://plugins.gradle.org/m2/org/jetbrains/kotlinx/kotlinx-serialization-json-jvm/1.6.3/kotlinx-serialization-json-jvm-1.6.3.jar to /home/lancelot/.gradle/.tmp/gradle_download13483268682305966428bin
Downloading https://plugins.gradle.org/m2/com/squareup/retrofit2/retrofit/2.10.0/retrofit-2.10.0.jar to /home/lancelot/.gradle/.tmp/gradle_download15785823780522840532bin
Found locally available resource with matching checksum: [https://plugins.gradle.org/m2/com/fasterxml/jackson/core/jackson-annotations/2.16.0/jackson-annotations-2.16.0.jar, /home/lancelot/.m2/repository/com/fasterxml/jackson/core/jackson-annotations/2.16.0/jackson-annotations-2.16.0.jar]
Downloading https://plugins.gradle.org/m2/org/apache/commons/commons-compress/1.26.0/commons-compress-1.26.0.jar to /home/lancelot/.gradle/.tmp/gradle_download14736478799282708490bin
Downloading https://plugins.gradle.org/m2/org/jetbrains/intellij/plugins/gradle-intellij-plugin/1.17.4/gradle-intellij-plugin-1.17.4.jar to /home/lancelot/.gradle/.tmp/gradle_download4443751156268681286bin
Downloading https://plugins.gradle.org/m2/com/fasterxml/jackson/module/jackson-module-kotlin/2.16.0/jackson-module-kotlin-2.16.0.jar to /home/lancelot/.gradle/.tmp/gradle_download15806589661744940156bin
Downloading https://plugins.gradle.org/m2/com/googlecode/plist/dd-plist/1.28/dd-plist-1.28.jar to /home/lancelot/.gradle/.tmp/gradle_download6590479518959397491bin
Downloading https://plugins.gradle.org/m2/org/jsoup/jsoup/1.16.1/jsoup-1.16.1.jar to /home/lancelot/.gradle/.tmp/gradle_download14975212317841961298bin
Found locally available resource with matching checksum: [https://plugins.gradle.org/m2/commons-io/commons-io/2.15.1/commons-io-2.15.1.jar, /home/lancelot/.m2/repository/commons-io/commons-io/2.15.1/commons-io-2.15.1.jar]
Downloading https://plugins.gradle.org/m2/com/google/code/gson/gson/2.10.1/gson-2.10.1.jar to /home/lancelot/.gradle/.tmp/gradle_download8608131340310314256bin
Downloading https://plugins.gradle.org/m2/com/fasterxml/jackson/core/jackson-databind/2.16.0/jackson-databind-2.16.0.jar to /home/lancelot/.gradle/.tmp/gradle_download14537045552493859793bin
Downloading https://plugins.gradle.org/m2/org/jetbrains/intellij/plugins/structure-base/3.269/structure-base-3.269.jar to /home/lancelot/.gradle/.tmp/gradle_download12063694207802134215bin
Found locally available resource with matching checksum: [https://plugins.gradle.org/m2/org/apache/commons/commons-lang3/3.14.0/commons-lang3-3.14.0.jar, /home/lancelot/.m2/repository/org/apache/commons/commons-lang3/3.14.0/commons-lang3-3.14.0.jar]
Downloading https://plugins.gradle.org/m2/gradle/plugin/org/jetbrains/gradle/plugin/idea-ext/gradle-idea-ext/1.1.8/gradle-idea-ext-1.1.8.jar to /home/lancelot/.gradle/.tmp/gradle_download3375594277090213635bin
Downloading https://plugins.gradle.org/m2/org/jetbrains/intellij/plugins/structure-intellij/3.269/structure-intellij-3.269.jar to /home/lancelot/.gradle/.tmp/gradle_download13952741856620878690bin
Downloading https://plugins.gradle.org/m2/com/fasterxml/jackson/core/jackson-core/2.16.0/jackson-core-2.16.0.jar to /home/lancelot/.gradle/.tmp/gradle_download8194863944396381593bin
Downloading https://plugins.gradle.org/m2/org/slf4j/slf4j-api/2.0.7/slf4j-api-2.0.7.jar to /home/lancelot/.gradle/.tmp/gradle_download7387409702492891269bin
[gradle-intellij-plugin :] Configuring plugin
[gradle-intellij-plugin :] Initializing Gradle IntelliJ Plugin
[gradle-intellij-plugin :] Configuring setup dependencies task
[gradle-intellij-plugin :] Configuring classpath.index cleanup task
[gradle-intellij-plugin :] Configuring compile tasks
[gradle-intellij-plugin :] Configuring patch plugin.xml task
[gradle-intellij-plugin :] Configuring robot-server download Task
[gradle-intellij-plugin :] Configuring list products task
[gradle-intellij-plugin :] Configuring list bundled plugins task
[gradle-intellij-plugin :] Configuring plugin verification task
[gradle-intellij-plugin :] Configuring run IDE task
[gradle-intellij-plugin :] Configuring run IDE performance test task
[gradle-intellij-plugin :] Configuring run IDE for UI tests task
[gradle-intellij-plugin :] Configuring build searchable options task
[gradle-intellij-plugin :] Configuring jar searchable options task
[gradle-intellij-plugin :] Configuring building plugin task
[gradle-intellij-plugin :] Configuring run plugin verifier task
[gradle-intellij-plugin :] Configuring sign plugin task
[gradle-intellij-plugin :] Configuring publish plugin task
[gradle-intellij-plugin :] Configuring resources task
[gradle-intellij-plugin :] Configuring plugin configuration verification task
Caching disabled for Kotlin DSL accessors for root project 'my-idea-plugin' because:
  Build cache is disabled
Kotlin DSL accessors for root project 'my-idea-plugin' is not up-to-date because:
  No history is available.
Cannot use Kotlin build script compile avoidance with /home/lancelot/.gradle/caches/modules-2/files-2.1/org.jetbrains.intellij.plugins/structure-intellij/3.269/1898582bd48101ca312823efa5ab2be172f274b1/structure-intellij-3.269.jar: class com/jetbrains/plugin/structure/intellij/problems/RemappedPluginProblemsKt: inline fun error(): compile avoidance is not supported with public inline functions
Cannot use Kotlin build script compile avoidance with /home/lancelot/.gradle/caches/modules-2/files-2.1/org.jetbrains.intellij.plugins/structure-base/3.269/66f2dc8c00e50de3b77f1d367eab5382fd8e1a91/structure-base-3.269.jar: class com/jetbrains/plugin/structure/base/utils/LanguageUtilsKt: inline fun closeOnException(): compile avoidance is not supported with public inline functions
Cannot use Kotlin build script compile avoidance with /home/lancelot/.gradle/caches/modules-2/files-2.1/com.fasterxml.jackson.module/jackson-module-kotlin/2.16.0/4b46a4ae3628baa90b1527564aef6cd2437fa938/jackson-module-kotlin-2.16.0.jar: class com/fasterxml/jackson/module/kotlin/ExtensionsKt: inline fun addMixIn(): compile avoidance is not supported with public inline functions
Caching disabled for Kotlin DSL script compilation (Project/TopLevel/stage2) because:
  Build cache is disabled
Kotlin DSL script compilation (Project/TopLevel/stage2) is not up-to-date because:
  No history is available.
[gradle-intellij-plugin :] Configuring tests tasks
All projects evaluated.
Task name matched 'clean'
Task name matched 'build'
Selected primary task 'clean' from project :
Selected primary task 'build' from project :
[gradle-intellij-plugin] Resolving Gradle IntelliJ Plugin version with: jar:file:/home/lancelot/.gradle/caches/modules-2/files-2.1/org.jetbrains.intellij.plugins/gradle-intellij-plugin/1.17.4/35b7e699871159a8028e6ea7e3b45c4c9e19807d/gradle-intellij-plugin-1.17.4.jar!/META-INF/MANIFEST.MF
[gradle-intellij-plugin] Resolving Gradle IntelliJ Plugin version with: jar:file:/home/lancelot/.gradle/caches/modules-2/files-2.1/org.jetbrains.intellij.plugins/gradle-intellij-plugin/1.17.4/35b7e699871159a8028e6ea7e3b45c4c9e19807d/gradle-intellij-plugin-1.17.4.jar!/META-INF/MANIFEST.MF
[gradle-intellij-plugin :] Using IDE from remote repository
[gradle-intellij-plugin :] IDE dependency cache directory: /home/lancelot/.gradle/caches/modules-2/files-2.1/com.jetbrains.intellij.idea/ideaIC/2022.3/4d343cadac04a0a31d70f6f96facfaa7f949df01/ideaIC-2022.3
[gradle-intellij-plugin :] Adding IDE sources repository
[gradle-intellij-plugin :] IC-223.7571.182 is used for building
Resource missing. [HTTP GET: https://maven.aliyun.com/repository/public/com/jetbrains/ideaIC/2022.3/ideaIC-2022.3.pom]
Resource missing. [HTTP GET: https://maven.aliyun.com/repository/central/com/jetbrains/ideaIC/2022.3/ideaIC-2022.3.pom]
Resource missing. [HTTP GET: https://maven.aliyun.com/repository/gradle-plugin/com/jetbrains/ideaIC/2022.3/ideaIC-2022.3.pom]
Resource missing. [HTTP GET: https://maven.aliyun.com/repository/google/com/jetbrains/ideaIC/2022.3/ideaIC-2022.3.pom]
Resource missing. [HTTP GET: https://dtahfujkndrht.cloudfront.net/packages.jetbrains.team/maven/p/ij/intellij-dependencies/com/jetbrains/ideaIC/2022.3/ideaIC-2022.3.pom]
Resource missing. [HTTP GET: https://repo.maven.apache.org/maven2/com/jetbrains/ideaIC/2022.3/ideaIC-2022.3.pom]
Resource missing. [HTTP GET: https://maven.aliyun.com/repository/public/com/jetbrains/jbre/jbr_jcef-17.0.5-linux-x64-b653.14/jbre-jbr_jcef-17.0.5-linux-x64-b653.14.pom]
Resource missing. [HTTP GET: https://maven.aliyun.com/repository/central/com/jetbrains/jbre/jbr_jcef-17.0.5-linux-x64-b653.14/jbre-jbr_jcef-17.0.5-linux-x64-b653.14.pom]
Resource missing. [HTTP GET: https://maven.aliyun.com/repository/gradle-plugin/com/jetbrains/jbre/jbr_jcef-17.0.5-linux-x64-b653.14/jbre-jbr_jcef-17.0.5-linux-x64-b653.14.pom]
Resource missing. [HTTP GET: https://maven.aliyun.com/repository/google/com/jetbrains/jbre/jbr_jcef-17.0.5-linux-x64-b653.14/jbre-jbr_jcef-17.0.5-linux-x64-b653.14.pom]
Resource missing. [HTTP GET: https://dtahfujkndrht.cloudfront.net/packages.jetbrains.team/maven/p/ij/intellij-dependencies/com/jetbrains/jbre/jbr_jcef-17.0.5-linux-x64-b653.14/jbre-jbr_jcef-17.0.5-linux-x64-b653.14.pom]
Resource missing. [HTTP GET: https://repo.maven.apache.org/maven2/com/jetbrains/jbre/jbr_jcef-17.0.5-linux-x64-b653.14/jbre-jbr_jcef-17.0.5-linux-x64-b653.14.pom]
Downloading https://cache-redirector.jetbrains.com/intellij-jbr/jbr_jcef-17.0.5-linux-x64-b653.14.tar.gz to /home/lancelot/.gradle/.tmp/gradle_download16512813496749626879bin
[gradle-intellij-plugin :] Resolved JVM Runtime directory: /home/lancelot/.gradle/caches/modules-2/files-2.1/com.jetbrains/jbre/jbr_jcef-17.0.5-linux-x64-b653.14/extracted/jbr_jcef-17.0.5-linux-x64-b653.14/bin/java
Starting process 'command '/home/lancelot/.gradle/caches/modules-2/files-2.1/com.jetbrains/jbre/jbr_jcef-17.0.5-linux-x64-b653.14/extracted/jbr_jcef-17.0.5-linux-x64-b653.14/bin/java''. Working directory: /home/lancelot/.gradle/.tmp/tmp-jvm5940443224168302844probe Command: /home/lancelot/.gradle/caches/modules-2/files-2.1/com.jetbrains/jbre/jbr_jcef-17.0.5-linux-x64-b653.14/extracted/jbr_jcef-17.0.5-linux-x64-b653.14/bin/java -Xmx32m -Xms32m -cp . JavaProbe
Successfully started process 'command '/home/lancelot/.gradle/caches/modules-2/files-2.1/com.jetbrains/jbre/jbr_jcef-17.0.5-linux-x64-b653.14/extracted/jbr_jcef-17.0.5-linux-x64-b653.14/bin/java''
Received JVM installation metadata from '/home/lancelot/.gradle/caches/modules-2/files-2.1/com.jetbrains/jbre/jbr_jcef-17.0.5-linux-x64-b653.14/extracted/jbr_jcef-17.0.5-linux-x64-b653.14': {JAVA_HOME=/home/lancelot/.gradle/caches/modules-2/files-2.1/com.jetbrains/jbre/jbr_jcef-17.0.5-linux-x64-b653.14/extracted/jbr_jcef-17.0.5-linux-x64-b653.14, JAVA_VERSION=17.0.5, JAVA_VENDOR=JetBrains s.r.o., RUNTIME_NAME=OpenJDK Runtime Environment, RUNTIME_VERSION=17.0.5+1-b653.14, VM_NAME=OpenJDK 64-Bit Server VM, VM_VERSION=17.0.5+1-b653.14, VM_VENDOR=JetBrains s.r.o., OS_ARCH=amd64}
[gradle-intellij-plugin :] Configuring plugin dependencies
[gradle-intellij-plugin :] Configuring plugin: java
[gradle-intellij-plugin :] Looking for builtin 'java' in: /home/lancelot/.gradle/caches/modules-2/files-2.1/com.jetbrains.intellij.idea/ideaIC/2022.3/4d343cadac04a0a31d70f6f96facfaa7f949df01/ideaIC-2022.3
[gradle-intellij-plugin :] Looking for builtin 'java' in: /home/lancelot/.gradle/caches/modules-2/files-2.1/com.jetbrains.intellij.idea/ideaIC/2022.3/4d343cadac04a0a31d70f6f96facfaa7f949df01/ideaIC-2022.3
Resource missing. [HTTP GET: https://maven.aliyun.com/repository/public/unzipped/com/jetbrains/plugins/java/ideaIC-IC-223.7571.182-withSources/java-ideaIC-IC-223.7571.182-withSources.pom]
Resource missing. [HTTP GET: https://maven.aliyun.com/repository/central/unzipped/com/jetbrains/plugins/java/ideaIC-IC-223.7571.182-withSources/java-ideaIC-IC-223.7571.182-withSources.pom]
Resource missing. [HTTP GET: https://maven.aliyun.com/repository/gradle-plugin/unzipped/com/jetbrains/plugins/java/ideaIC-IC-223.7571.182-withSources/java-ideaIC-IC-223.7571.182-withSources.pom]
Resource missing. [HTTP GET: https://maven.aliyun.com/repository/google/unzipped/com/jetbrains/plugins/java/ideaIC-IC-223.7571.182-withSources/java-ideaIC-IC-223.7571.182-withSources.pom]
Resource missing. [HTTP GET: https://dtahfujkndrht.cloudfront.net/packages.jetbrains.team/maven/p/ij/intellij-dependencies/unzipped/com/jetbrains/plugins/java/ideaIC-IC-223.7571.182-withSources/java-ideaIC-IC-223.7571.182-withSources.pom]
Resource missing. [HTTP GET: https://repo.maven.apache.org/maven2/unzipped/com/jetbrains/plugins/java/ideaIC-IC-223.7571.182-withSources/java-ideaIC-IC-223.7571.182-withSources.pom]
[gradle-intellij-plugin :] Resolved JVM Runtime directory: /home/lancelot/.gradle/caches/modules-2/files-2.1/com.jetbrains/jbre/jbr_jcef-17.0.5-linux-x64-b653.14/extracted/jbr_jcef-17.0.5-linux-x64-b653.14/bin/java
Tasks to be executed: [task ':clean', task ':initializeIntelliJPlugin', task ':patchPluginXml', task ':verifyPluginConfiguration', task ':compileJava', task ':processResources', task ':classes', task ':instrumentCode', task ':compileTestJava', task ':processTestResources', task ':testClasses', task ':instrumentTestCode', task ':classpathIndexCleanup', task ':instrumentedJar', task ':jar', task ':prepareSandbox', task ':buildSearchableOptions', task ':jarSearchableOptions', task ':buildPlugin', task ':assemble', task ':prepareTestingSandbox', task ':test', task ':check', task ':build']
Tasks that were excluded: []
Resolve mutations for :clean (Thread[Execution worker,5,main]) started.
:clean (Thread[Execution worker,5,main]) started.
destroyer locations for task group 0 (Thread[included builds,5,main]) started.

> Task :clean
Caching disabled for task ':clean' because:
  Build cache is disabled
Task ':clean' is not up-to-date because:
  Task has not declared any outputs despite executing actions.
Resolve mutations for :initializeIntelliJPlugin (Thread[Execution worker,5,main]) started.
:initializeIntelliJPlugin (Thread[Execution worker Thread 2,5,main]) started.

> Task :initializeIntelliJPlugin
Caching disabled for task ':initializeIntelliJPlugin' because:
  Build cache is disabled
Task ':initializeIntelliJPlugin' is not up-to-date because:
  Task is untracked because: Should always be run to initialize the plugin
[gradle-intellij-plugin :] Build feature is enabled: org.jetbrains.intellij.buildFeature.selfUpdateCheck
[gradle-intellij-plugin] Resolving Gradle IntelliJ Plugin version with: jar:file:/home/lancelot/.gradle/caches/modules-2/files-2.1/org.jetbrains.intellij.plugins/gradle-intellij-plugin/1.17.4/35b7e699871159a8028e6ea7e3b45c4c9e19807d/gradle-intellij-plugin-1.17.4.jar!/META-INF/MANIFEST.MF
Resolve mutations for :patchPluginXml (Thread[Execution worker Thread 2,5,main]) started.
:patchPluginXml (Thread[Execution worker Thread 2,5,main]) started.

> Task :patchPluginXml
Caching disabled for task ':patchPluginXml' because:
  Build cache is disabled
Task ':patchPluginXml' is not up-to-date because:
  No history is available.
Resolve mutations for :verifyPluginConfiguration (Thread[Execution worker Thread 2,5,main]) started.
:verifyPluginConfiguration (Thread[Execution worker Thread 2,5,main]) started.

> Task :verifyPluginConfiguration
Caching disabled for task ':verifyPluginConfiguration' because:
  Build cache is disabled
Task ':verifyPluginConfiguration' is not up-to-date because:
  Task has not declared any outputs despite executing actions.
Resolve mutations for :compileJava (Thread[Execution worker Thread 2,5,main]) started.
:compileJava (Thread[Execution worker Thread 2,5,main]) started.

> Task :compileJava
Downloading https://maven.aliyun.com/repository/public/org/jetbrains/annotations/24.0.1/annotations-24.0.1.pom to /home/lancelot/.gradle/.tmp/gradle_download6954668599216773428bin
Downloading https://maven.aliyun.com/repository/public/org/jetbrains/annotations/24.0.1/annotations-24.0.1.jar to /home/lancelot/.gradle/.tmp/gradle_download9759339860720869336bin
Caching disabled for task ':compileJava' because:
  Build cache is disabled
Task ':compileJava' is not up-to-date because:
  No history is available.
The input changes require a full rebuild for incremental task ':compileJava'.
Full recompilation is required because no incremental change information is available. This is usually caused by clean builds or changing compiler arguments.
Compiling with toolchain '/usr/lib/jvm/java-11-openjdk-amd64'.
Compiling with JDK Java compiler API.

> Task :compileJava FAILED

FAILURE: Build failed with an exception.

* What went wrong:
Execution failed for task ':compileJava'.
> 错误: 无效的源发行版：17

* Try:
> Run with --stacktrace option to get the stack trace.
> Run with --debug option to get more log output.
> Run with --scan to get full insights.
> Get more help at https://help.gradle.org.

BUILD FAILED in 1m 16s
5 actionable tasks: 5 executed
