> Task :initializeIntelliJPlugin SKIPPED
> Task :patchPluginXml UP-TO-DATE
> Task :verifyPluginConfiguration
> Task :compileJava UP-TO-DATE
> Task :processResources UP-TO-DATE
> Task :classes UP-TO-DATE
> Task :instrumentCode
> Task :agentJar
> Task :instrumentedJar
> Task :jar
> Task :prepareSandbox

> Task :runIde
CompileCommand: exclude com/intellij/openapi/vfs/impl/FilePartNodeRoot.trieDescend bool exclude = true
2026-02-15 17:13:08,261 [   1491]   WARN - #c.i.e.RunManager - Must be not called before project components initialized
Info  | RdCoroutineScope          | 50:DefaultDispatcher-worker-33 @coroutine#404 | RdCoroutineHost overridden 
JCEF(13:09:382): initialized stderr logger, severity=LOGSEVERITY_DISABLE
2026-02-15 17:13:11,095 [   4325]   WARN - #o.j.i.maven - Using extension org.jetbrains.idea.maven.maven3.Maven3Support@7c9ea247 to start MavenServer
2026-02-15 17:13:11,526 [   4756]   WARN - #o.j.k.i.r.KotlinReportSubmitter - Connection reset
java.net.SocketException: Connection reset
	at java.base/sun.nio.ch.NioSocketImpl.implRead(NioSocketImpl.java:323)
	at java.base/sun.nio.ch.NioSocketImpl.read(NioSocketImpl.java:350)
	at java.base/sun.nio.ch.NioSocketImpl$1.read(NioSocketImpl.java:803)
	at java.base/java.net.Socket$SocketInputStream.read(Socket.java:966)
	at java.base/sun.security.ssl.SSLSocketInputRecord.read(SSLSocketInputRecord.java:478)
	at java.base/sun.security.ssl.SSLSocketInputRecord.readHeader(SSLSocketInputRecord.java:472)
	at java.base/sun.security.ssl.SSLSocketInputRecord.decode(SSLSocketInputRecord.java:160)
	at java.base/sun.security.ssl.SSLTransport.decode(SSLTransport.java:111)
	at java.base/sun.security.ssl.SSLSocketImpl.decode(SSLSocketImpl.java:1505)
	at java.base/sun.security.ssl.SSLSocketImpl.readHandshakeRecord(SSLSocketImpl.java:1420)
	at java.base/sun.security.ssl.SSLSocketImpl.startHandshake(SSLSocketImpl.java:455)
	at java.base/sun.security.ssl.SSLSocketImpl.startHandshake(SSLSocketImpl.java:426)
	at java.base/sun.net.www.protocol.https.HttpsClient.afterConnect(HttpsClient.java:580)
	at java.base/sun.net.www.http.HttpClient.parseHTTP(HttpClient.java:781)
	at java.base/sun.net.www.protocol.http.HttpURLConnection.getInputStream0(HttpURLConnection.java:1688)
	at java.base/sun.net.www.protocol.http.HttpURLConnection.getInputStream(HttpURLConnection.java:1589)
	at java.base/java.net.HttpURLConnection.getResponseCode(HttpURLConnection.java:529)
	at java.base/sun.net.www.protocol.https.HttpsURLConnectionImpl.getResponseCode(HttpsURLConnectionImpl.java:308)
	at com.intellij.util.io.HttpRequests.openConnection(HttpRequests.java:613)
	at com.intellij.util.io.HttpRequests$RequestImpl.getConnection(HttpRequests.java:360)
	at com.intellij.util.io.HttpRequests$RequestImpl.getInputStream(HttpRequests.java:368)
	at org.jetbrains.kotlin.idea.KotlinPluginUpdater$Companion.fetchPluginReleaseDate$lambda-0(KotlinPluginUpdater.kt:86)
	at com.intellij.util.io.HttpRequests.doProcess(HttpRequests.java:517)
	at com.intellij.util.io.HttpRequests.process(HttpRequests.java:499)
	at com.intellij.util.io.HttpRequests$RequestBuilderImpl.connect(HttpRequests.java:334)
	at org.jetbrains.kotlin.idea.KotlinPluginUpdater$Companion.fetchPluginReleaseDate(KotlinPluginUpdater.kt:85)
	at org.jetbrains.kotlin.idea.reporter.KotlinReportSubmitter$Companion.setupReportingFromRelease$lambda-0(KotlinReportSubmitter.kt:78)
	at com.intellij.openapi.application.impl.ApplicationImpl$1.run(ApplicationImpl.java:246)
	at java.base/java.util.concurrent.Executors$RunnableAdapter.call(Executors.java:539)
	at java.base/java.util.concurrent.FutureTask.run(FutureTask.java:264)
	at java.base/java.util.concurrent.ThreadPoolExecutor.runWorker(ThreadPoolExecutor.java:1136)
	at java.base/java.util.concurrent.ThreadPoolExecutor$Worker.run(ThreadPoolExecutor.java:635)
	at java.base/java.util.concurrent.Executors$PrivilegedThreadFactory$1$1.run(Executors.java:702)
	at java.base/java.util.concurrent.Executors$PrivilegedThreadFactory$1$1.run(Executors.java:699)
	at java.base/java.security.AccessController.doPrivileged(AccessController.java:399)
	at java.base/java.util.concurrent.Executors$PrivilegedThreadFactory$1.run(Executors.java:699)
	at java.base/java.lang.Thread.run(Thread.java:833)
2026-02-15 17:13:17,622 [  10852]   WARN - #c.i.o.a.i.PreCachedDataContext - 'psi.File' is requested on EDT by AddMockAction#update@EditorPopup (com.example.plugin.action.AddMockAction). See ActionUpdateThread javadoc.
[MockConfigService] Added mock: com.student.StudentService.findByName
[MockConfigService] ToolWindow instance: com.example.plugin.ui.MyRunnerToolWindowContent@5f0386dc
[MockConfigService] Called addMockMethod on toolWindow
[ToolWindow] addMockMethod called: com.student.StudentService.findByName
[ToolWindow] Row added to table. Row count: 1

> Task :classpathIndexCleanup

BUILD SUCCESSFUL in 31s
11 actionable tasks: 8 executed, 3 up-to-date
