> Task :initializeIntelliJPlugin SKIPPED
> Task :patchPluginXml UP-TO-DATE
> Task :verifyPluginConfiguration
> Task :compileJava
> Task :processResources
> Task :classes
> Task :instrumentCode
> Task :agentJar
> Task :instrumentedJar
> Task :jar
> Task :prepareSandbox

> Task :runIde
CompileCommand: exclude com/intellij/openapi/vfs/impl/FilePartNodeRoot.trieDescend bool exclude = true
2026-02-15 16:39:16,812 [  11904]   WARN - #c.i.e.RunManager - Must be not called before project components initialized
Info  | RdCoroutineScope          | 39:DefaultDispatcher-worker-22 @coroutine#440 | RdCoroutineHost overridden 
2026-02-15 16:39:17,616 [  12708]   WARN - #o.j.k.i.r.KotlinReportSubmitter - Connection reset
java.net.SocketException: Connection reset
	at java.base/sun.nio.ch.NioSocketImpl.implRead(NioSocketImpl.java:323)
	at java.base/sun.nio.ch.NioSocketImpl.read(NioSocketImpl.java:350)
	at java.base/sun.nio.ch.NioSocketImpl$1.read(NioSocketImpl.java:803)
	at java.base/java.net.Socket$SocketInputStream.read(Socket.java:966)
	at java.base/sun.security.ssl.SSLSocketInputRecord.read(SSLSocketInputRecord.java:478)
	at java.base/sun.security.ssl.SSLSocketInputRecord.readHeader(SSLSocketInputRecord.java:472)
	at java.base/sun.security.ssl.SSLSocketInputRecord.decode(SSLSocketInputRecord.java:160)
	at java.base/sun.security.ssl.SSLTransport.decode(SSLTransport.java:111)
	at java.base/sun.security.ssl.SSLSocketImpl.decode(SSLSocketImpl.java:1505)
	at java.base/sun.security.ssl.SSLSocketImpl.readHandshakeRecord(SSLSocketImpl.java:1420)
	at java.base/sun.security.ssl.SSLSocketImpl.startHandshake(SSLSocketImpl.java:455)
	at java.base/sun.security.ssl.SSLSocketImpl.startHandshake(SSLSocketImpl.java:426)
	at java.base/sun.net.www.protocol.https.HttpsClient.afterConnect(HttpsClient.java:580)
	at java.base/sun.net.www.protocol.https.AbstractDelegateHttpsURLConnection.connect(AbstractDelegateHttpsURLConnection.java:187)
	at java.base/sun.net.www.protocol.http.HttpURLConnection.getInputStream0(HttpURLConnection.java:1665)
	at java.base/sun.net.www.protocol.http.HttpURLConnection.getInputStream(HttpURLConnection.java:1589)
	at java.base/java.net.HttpURLConnection.getResponseCode(HttpURLConnection.java:529)
	at java.base/sun.net.www.protocol.https.HttpsURLConnectionImpl.getResponseCode(HttpsURLConnectionImpl.java:308)
	at com.intellij.util.io.HttpRequests.openConnection(HttpRequests.java:613)
	at com.intellij.util.io.HttpRequests$RequestImpl.getConnection(HttpRequests.java:360)
	at com.intellij.util.io.HttpRequests$RequestImpl.getInputStream(HttpRequests.java:368)
	at org.jetbrains.kotlin.idea.KotlinPluginUpdater$Companion.fetchPluginReleaseDate$lambda-0(KotlinPluginUpdater.kt:86)
	at com.intellij.util.io.HttpRequests.doProcess(HttpRequests.java:517)
	at com.intellij.util.io.HttpRequests.process(HttpRequests.java:499)
	at com.intellij.util.io.HttpRequests$RequestBuilderImpl.connect(HttpRequests.java:334)
	at org.jetbrains.kotlin.idea.KotlinPluginUpdater$Companion.fetchPluginReleaseDate(KotlinPluginUpdater.kt:85)
	at org.jetbrains.kotlin.idea.reporter.KotlinReportSubmitter$Companion.setupReportingFromRelease$lambda-0(KotlinReportSubmitter.kt:78)
	at com.intellij.openapi.application.impl.ApplicationImpl$1.run(ApplicationImpl.java:246)
	at java.base/java.util.concurrent.Executors$RunnableAdapter.call(Executors.java:539)
	at java.base/java.util.concurrent.FutureTask.run(FutureTask.java:264)
	at java.base/java.util.concurrent.ThreadPoolExecutor.runWorker(ThreadPoolExecutor.java:1136)
	at java.base/java.util.concurrent.ThreadPoolExecutor$Worker.run(ThreadPoolExecutor.java:635)
	at java.base/java.util.concurrent.Executors$PrivilegedThreadFactory$1$1.run(Executors.java:702)
	at java.base/java.util.concurrent.Executors$PrivilegedThreadFactory$1$1.run(Executors.java:699)
	at java.base/java.security.AccessController.doPrivileged(AccessController.java:399)
	at java.base/java.util.concurrent.Executors$PrivilegedThreadFactory$1.run(Executors.java:699)
	at java.base/java.lang.Thread.run(Thread.java:833)
JCEF(39:18:081): initialized stderr logger, severity=LOGSEVERITY_DISABLE
2026-02-15 16:39:19,373 [  14465]   WARN - #o.j.i.maven - Using extension org.jetbrains.idea.maven.maven3.Maven3Support@1c52adcc to start MavenServer
2026-02-15 16:39:24,435 [  19527]   WARN - #c.i.d.MemorySizeConfigurator - The IDE is not configured for using custom VM options (jb.vmOptionsFile=null)
java.io.IOException: The IDE is not configured for using custom VM options (jb.vmOptionsFile=null)
	at com.intellij.diagnostic.VMOptions.setOptions(VMOptions.java:203)
	at com.intellij.diagnostic.VMOptions.setOption(VMOptions.java:194)
	at com.intellij.diagnostic.VMOptions.setOption(VMOptions.java:176)
	at com.intellij.diagnostic.MemorySizeConfigurator.execute(MemorySizeConfigurator.kt:48)
	at com.intellij.ide.startup.impl.StartupManagerImpl$runBackgroundPostStartupActivities$1.invokeSuspend(StartupManagerImpl.kt:435)
	at kotlin.coroutines.jvm.internal.BaseContinuationImpl.resumeWith(ContinuationImpl.kt:33)
	at kotlinx.coroutines.DispatchedTask.run(DispatchedTask.kt:106)
	at kotlinx.coroutines.scheduling.CoroutineScheduler.runSafely(CoroutineScheduler.kt:570)
	at kotlinx.coroutines.scheduling.CoroutineScheduler$Worker.executeTask(CoroutineScheduler.kt:750)
	at kotlinx.coroutines.scheduling.CoroutineScheduler$Worker.runWorker(CoroutineScheduler.kt:677)
	at kotlinx.coroutines.scheduling.CoroutineScheduler$Worker.run(CoroutineScheduler.kt:664)
2026-02-15 16:39:56,228 [  51320]   WARN - #o.j.k.i.s.r.KotlinCompilerReferenceIndexStorage - kotlin-data-container is not found
Running with My Custom Runner!
[MockRunner] Saved mock config to: /tmp/mock-runner/mock-config.json
