> Task :initializeIntelliJPlugin SKIPPED
> Task :patchPluginXml UP-TO-DATE
> Task :verifyPluginConfiguration
> Task :compileJava
> Task :processResources UP-TO-DATE
> Task :classes
> Task :instrumentCode
> Task :instrumentedJar
> Task :jar
> Task :prepareSandbox

> Task :runIde
CompileCommand: exclude com/intellij/openapi/vfs/impl/FilePartNodeRoot.trieDescend bool exclude = true
2026-02-15 13:54:00,215 [   1543]   WARN - #c.i.e.RunManager - Must be not called before project components initialized
Info  | RdCoroutineScope          | 31:DefaultDispatcher-worker-17 @coroutine#404 | RdCoroutineHost overridden 
2026-02-15 13:54:01,604 [   2932]   WARN - #c.i.o.w.i.c.h.t.MainMenuButton - rootPane is not set, MainMenu button listeners are not installed
2026-02-15 13:54:01,864 [   3192]   WARN - #o.j.k.i.r.KotlinReportSubmitter - Connection reset
java.net.SocketException: Connection reset
	at java.base/sun.nio.ch.NioSocketImpl.implRead(NioSocketImpl.java:323)
	at java.base/sun.nio.ch.NioSocketImpl.read(NioSocketImpl.java:350)
	at java.base/sun.nio.ch.NioSocketImpl$1.read(NioSocketImpl.java:803)
	at java.base/java.net.Socket$SocketInputStream.read(Socket.java:966)
	at java.base/sun.security.ssl.SSLSocketInputRecord.read(SSLSocketInputRecord.java:478)
	at java.base/sun.security.ssl.SSLSocketInputRecord.readHeader(SSLSocketInputRecord.java:472)
	at java.base/sun.security.ssl.SSLSocketInputRecord.decode(SSLSocketInputRecord.java:160)
	at java.base/sun.security.ssl.SSLTransport.decode(SSLTransport.java:111)
	at java.base/sun.security.ssl.SSLSocketImpl.decode(SSLSocketImpl.java:1505)
	at java.base/sun.security.ssl.SSLSocketImpl.readHandshakeRecord(SSLSocketImpl.java:1420)
	at java.base/sun.security.ssl.SSLSocketImpl.startHandshake(SSLSocketImpl.java:455)
	at java.base/sun.security.ssl.SSLSocketImpl.startHandshake(SSLSocketImpl.java:426)
	at java.base/sun.net.www.protocol.https.HttpsClient.afterConnect(HttpsClient.java:580)
	at java.base/sun.net.www.protocol.https.AbstractDelegateHttpsURLConnection.connect(AbstractDelegateHttpsURLConnection.java:187)
	at java.base/sun.net.www.protocol.http.HttpURLConnection.getInputStream0(HttpURLConnection.java:1665)
	at java.base/sun.net.www.protocol.http.HttpURLConnection.getInputStream(HttpURLConnection.java:1589)
	at java.base/java.net.HttpURLConnection.getResponseCode(HttpURLConnection.java:529)
	at java.base/sun.net.www.protocol.https.HttpsURLConnectionImpl.getResponseCode(HttpsURLConnectionImpl.java:308)
	at com.intellij.util.io.HttpRequests.openConnection(HttpRequests.java:613)
	at com.intellij.util.io.HttpRequests$RequestImpl.getConnection(HttpRequests.java:360)
	at com.intellij.util.io.HttpRequests$RequestImpl.getInputStream(HttpRequests.java:368)
	at org.jetbrains.kotlin.idea.KotlinPluginUpdater$Companion.fetchPluginReleaseDate$lambda-0(KotlinPluginUpdater.kt:86)
	at com.intellij.util.io.HttpRequests.doProcess(HttpRequests.java:517)
	at com.intellij.util.io.HttpRequests.process(HttpRequests.java:499)
	at com.intellij.util.io.HttpRequests$RequestBuilderImpl.connect(HttpRequests.java:334)
	at org.jetbrains.kotlin.idea.KotlinPluginUpdater$Companion.fetchPluginReleaseDate(KotlinPluginUpdater.kt:85)
	at org.jetbrains.kotlin.idea.reporter.KotlinReportSubmitter$Companion.setupReportingFromRelease$lambda-0(KotlinReportSubmitter.kt:78)
	at com.intellij.openapi.application.impl.ApplicationImpl$1.run(ApplicationImpl.java:246)
	at java.base/java.util.concurrent.Executors$RunnableAdapter.call(Executors.java:539)
	at java.base/java.util.concurrent.FutureTask.run(FutureTask.java:264)
	at java.base/java.util.concurrent.ThreadPoolExecutor.runWorker(ThreadPoolExecutor.java:1136)
	at java.base/java.util.concurrent.ThreadPoolExecutor$Worker.run(ThreadPoolExecutor.java:635)
	at java.base/java.util.concurrent.Executors$PrivilegedThreadFactory$1$1.run(Executors.java:702)
	at java.base/java.util.concurrent.Executors$PrivilegedThreadFactory$1$1.run(Executors.java:699)
	at java.base/java.security.AccessController.doPrivileged(AccessController.java:399)
	at java.base/java.util.concurrent.Executors$PrivilegedThreadFactory$1.run(Executors.java:699)
	at java.base/java.lang.Thread.run(Thread.java:833)
2026-02-15 13:54:03,183 [   4511] SEVERE - #c.i.c.d.i.PassExecutorService - class com.example.plugin.MyRunLineMarkerContributor cannot be cast to class com.intellij.codeInsight.daemon.LineMarkerProvider (com.example.plugin.MyRunLineMarkerContributor is in unnamed module of loader com.intellij.ide.plugins.cl.PluginClassLoader @cb1d021; com.intellij.codeInsight.daemon.LineMarkerProvider is in unnamed module of loader com.intellij.util.lang.PathClassLoader @1888ff2c)
java.lang.ClassCastException: class com.example.plugin.MyRunLineMarkerContributor cannot be cast to class com.intellij.codeInsight.daemon.LineMarkerProvider (com.example.plugin.MyRunLineMarkerContributor is in unnamed module of loader com.intellij.ide.plugins.cl.PluginClassLoader @cb1d021; com.intellij.codeInsight.daemon.LineMarkerProvider is in unnamed module of loader com.intellij.util.lang.PathClassLoader @1888ff2c)
	at com.intellij.util.containers.ContainerUtil.findAll(ContainerUtil.java:899)
	at com.intellij.util.containers.ContainerUtil.filter(ContainerUtil.java:880)
	at com.intellij.codeInsight.daemon.impl.LineMarkersPass.getMarkerProviders(LineMarkersPass.java:165)
	at com.intellij.codeInsight.daemon.impl.LineMarkersPass.lambda$doCollectInformation$3(LineMarkersPass.java:101)
	at com.intellij.codeInsight.daemon.impl.Divider.divideInsideAndOutsideInOneRoot(Divider.java:95)
	at com.intellij.codeInsight.daemon.impl.LineMarkersPass.doCollectInformation(LineMarkersPass.java:99)
	at com.intellij.codeHighlighting.TextEditorHighlightingPass.collectInformation(TextEditorHighlightingPass.java:57)
	at com.intellij.codeInsight.daemon.impl.PassExecutorService$ScheduledPass.lambda$doRun$1(PassExecutorService.java:405)
	at com.intellij.openapi.application.impl.ApplicationImpl.tryRunReadAction(ApplicationImpl.java:1086)
	at com.intellij.codeInsight.daemon.impl.PassExecutorService$ScheduledPass.lambda$doRun$2(PassExecutorService.java:397)
	at com.intellij.openapi.progress.impl.CoreProgressManager.lambda$executeProcessUnderProgress$13(CoreProgressManager.java:591)
	at com.intellij.openapi.progress.impl.CoreProgressManager.registerIndicatorAndRun(CoreProgressManager.java:666)
	at com.intellij.openapi.progress.impl.CoreProgressManager.computeUnderProgress(CoreProgressManager.java:622)
	at com.intellij.openapi.progress.impl.CoreProgressManager.executeProcessUnderProgress(CoreProgressManager.java:590)
	at com.intellij.openapi.progress.impl.ProgressManagerImpl.executeProcessUnderProgress(ProgressManagerImpl.java:60)
	at com.intellij.codeInsight.daemon.impl.PassExecutorService$ScheduledPass.doRun(PassExecutorService.java:396)
	at com.intellij.codeInsight.daemon.impl.PassExecutorService$ScheduledPass.lambda$run$0(PassExecutorService.java:372)
	at com.intellij.openapi.application.impl.ReadMostlyRWLock.executeByImpatientReader(ReadMostlyRWLock.java:174)
	at com.intellij.openapi.application.impl.ApplicationImpl.executeByImpatientReader(ApplicationImpl.java:182)
	at com.intellij.codeInsight.daemon.impl.PassExecutorService$ScheduledPass.run(PassExecutorService.java:370)
	at com.intellij.concurrency.JobLauncherImpl$VoidForkJoinTask$1.exec(JobLauncherImpl.java:181)
	at java.base/java.util.concurrent.ForkJoinTask.doExec(ForkJoinTask.java:373)
	at java.base/java.util.concurrent.ForkJoinPool$WorkQueue.topLevelExec(ForkJoinPool.java:1182)
	at java.base/java.util.concurrent.ForkJoinPool.scan(ForkJoinPool.java:1655)
	at java.base/java.util.concurrent.ForkJoinPool.runWorker(ForkJoinPool.java:1622)
	at java.base/java.util.concurrent.ForkJoinWorkerThread.run(ForkJoinWorkerThread.java:165)
2026-02-15 13:54:03,185 [   4513] SEVERE - #c.i.c.d.i.PassExecutorService - IntelliJ IDEA 2022.3  Build #IC-223.7571.182
2026-02-15 13:54:03,185 [   4513] SEVERE - #c.i.c.d.i.PassExecutorService - JDK: 17.0.5; VM: OpenJDK 64-Bit Server VM; Vendor: JetBrains s.r.o.
2026-02-15 13:54:03,185 [   4513] SEVERE - #c.i.c.d.i.PassExecutorService - OS: Linux
2026-02-15 14:27:49,883 [2031211]   WARN - #o.j.k.i.s.r.KotlinCompilerReferenceIndexStorage - kotlin-data-container is not found
2026-02-15 14:27:53,310 [2034638]   WARN - #c.i.e.p.OSProcessHandler - Process has been already terminated: /usr/lib/jvm/java-1.17.0-openjdk-amd64/bin/java -agentlib:jdwp=transport=dt_socket,address=127.0.0.1:58693,suspend=y,server=n -javaagent:/home/lancelot/.gradle/caches/modules-2/files-2.1/com.jetbrains.intellij.idea/ideaIC/2022.3/4d343cadac04a0a31d70f6f96facfaa7f949df01/ideaIC-2022.3/plugins/java/lib/rt/debugger-agent.jar -Dfile.encoding=UTF-8 -classpath /home/lancelot/IdeaProjects/untitled/out/production/untitled:/home/lancelot/.gradle/caches/modules-2/files-2.1/com.jetbrains.intellij.idea/ideaIC/2022.3/4d343cadac04a0a31d70f6f96facfaa7f949df01/ideaIC-2022.3/lib/idea_rt.jar Main

> Task :classpathIndexCleanup

BUILD SUCCESSFUL in 34m 2s
10 actionable tasks: 8 executed, 2 up-to-date
