2026-02-15 16:39:54,390 [      4]   INFO - #o.j.j.c.BuildMain - ==================================================
2026-02-15 16:39:54,426 [     40]   INFO - #o.j.j.c.BuildMain - Build process started. Classpath: /home/lancelot/.gradle/caches/modules-2/files-2.1/com.jetbrains.intellij.idea/ideaIC/2022.3/4d343cadac04a0a31d70f6f96facfaa7f949df01/ideaIC-2022.3/plugins/java/lib/jps-launcher.jar
2026-02-15 16:39:54,561 [    175]   INFO - #o.j.j.c.BuildMain - Connection to IDE established in 122 ms
2026-02-15 16:39:54,635 [    249]   INFO - #o.j.j.c.JpsModelLoaderImpl - Loading model: project path = /home/lancelot/student-management, global options path = /home/lancelot/untitled/build/idea-sandbox/config/options
2026-02-15 16:39:54,727 [    341]   INFO - #o.j.j.m.s.JpsProjectLoader - External project config dir is used: /home/lancelot/untitled/build/idea-sandbox/system/external_build_system/student-management.8478bf0d/project
2026-02-15 16:39:54,730 [    344]   INFO - #o.j.j.m.s.JpsProjectLoader - External project config dir is used for modules: /home/lancelot/untitled/build/idea-sandbox/system/external_build_system/student-management.8478bf0d/modules
2026-02-15 16:39:54,751 [    365]   INFO - #o.j.j.c.JpsModelLoaderImpl - Model loaded in 115 ms
2026-02-15 16:39:54,754 [    368]   INFO - #o.j.j.c.JpsModelLoaderImpl - Project has 1 modules, 0 libraries
2026-02-15 16:39:54,925 [    539]   INFO - #o.j.j.i.IncProjectBuilder - Building project; isRebuild:false; isMake:false parallel compilation:false
2026-02-15 16:39:54,926 [    540]   INFO - #o.j.k.j.b.KotlinBuilder - is Kotlin incremental compilation enabled for JVM: true
2026-02-15 16:39:54,927 [    541]   INFO - #o.j.k.j.b.KotlinBuilder - is Kotlin incremental compilation enabled for JS: true
2026-02-15 16:39:54,929 [    543]   INFO - #o.j.k.j.b.KotlinBuilder - is Kotlin compiler daemon enabled: true
2026-02-15 16:39:54,929 [    543]   INFO - #o.j.k.j.b.KotlinBuilder - Label in local history: build started aba559f2
2026-02-15 16:39:54,934 [    548]   INFO - #o.j.j.b.i.CompilerReferenceIndex - backward reference index version doesn't exist
2026-02-15 16:39:54,935 [    549]   INFO - #o.j.j.b.i.CompilerReferenceIndex - backward reference index version doesn't exist
2026-02-15 16:39:54,958 [    572]   INFO - #o.j.j.i.IncProjectBuilder - Cleaned output directories in 11 ms
2026-02-15 16:39:55,048 [    662]   INFO - #o.j.k.j.b.KotlinBuilder - KotlinTargetsIndex created in 16 ms
2026-02-15 16:39:55,054 [    668]   INFO - #o.j.k.j.b.KotlinBuilder - Total Kotlin global compile context initialization time: 23 ms
2026-02-15 16:39:55,347 [    961]   INFO - #o.j.j.i.j.JavaBuilder - Compiling 3 java files; module: student-management
2026-02-15 16:39:56,127 [   1741]   INFO - #o.j.j.i.Builder - Dependency analysis found 0 affected files
2026-02-15 16:39:56,209 [   1823]   INFO - #o.j.j.c.BuildSession - Build duration: Builder 'Java' took 774 ms; 3 sources processed (258 ms per file)
2026-02-15 16:39:56,209 [   1823]   INFO - #o.j.j.c.BuildSession - Build duration: Builder 'Kotlin Builder' took 275 ms; 0 sources processed
2026-02-15 16:39:56,211 [   1825]   INFO - #o.j.j.i.j.JavaBuilder - javac 21 was used to compile [student-management]
2026-02-15 16:39:56,223 [   1837]   INFO - #o.j.j.c.BuildSession - FilePageCache stats: pageHits=0, pageFastCacheHits=2152, pageMisses=0, pageLoad=39, capacityInBytes=524288000, disposedBuffers=39 maxRegisteredFiles=48 maxCacheSizeInBytes=11730944
2026-02-15 16:39:56,407 [      5]   INFO - #o.j.j.c.BuildMain - ==================================================
2026-02-15 16:39:56,444 [     42]   INFO - #o.j.j.c.BuildMain - Build process started. Classpath: /home/lancelot/.gradle/caches/modules-2/files-2.1/com.jetbrains.intellij.idea/ideaIC/2022.3/4d343cadac04a0a31d70f6f96facfaa7f949df01/ideaIC-2022.3/plugins/java/lib/jps-launcher.jar
2026-02-15 16:39:56,582 [    180]   INFO - #o.j.j.c.BuildMain - Connection to IDE established in 122 ms
2026-02-15 16:39:56,601 [    199]   INFO - #o.j.j.c.JpsModelLoaderImpl - Loading model: project path = /home/lancelot/student-management, global options path = /home/lancelot/untitled/build/idea-sandbox/config/options
2026-02-15 16:39:56,692 [    290]   INFO - #o.j.j.m.s.JpsProjectLoader - External project config dir is used: /home/lancelot/untitled/build/idea-sandbox/system/external_build_system/student-management.8478bf0d/project
2026-02-15 16:39:56,695 [    293]   INFO - #o.j.j.m.s.JpsProjectLoader - External project config dir is used for modules: /home/lancelot/untitled/build/idea-sandbox/system/external_build_system/student-management.8478bf0d/modules
2026-02-15 16:39:56,720 [    318]   INFO - #o.j.j.c.JpsModelLoaderImpl - Model loaded in 118 ms
2026-02-15 16:39:56,723 [    321]   INFO - #o.j.j.c.JpsModelLoaderImpl - Project has 1 modules, 0 libraries
2026-02-15 16:39:56,879 [    477]   INFO - #o.j.j.c.BuildMain - Pre-loaded process ready in 473 ms
